\BOOKMARK [1][-]{section.1}{\376\377\000A\000b\000s\000t\000r\000a\000c\000t}{}% 1
\BOOKMARK [1][-]{section.2}{\376\377\000I\000n\000t\000r\000o\000d\000u\000c\000t\000i\000o\000n}{}% 2
\BOOKMARK [1][-]{section.3}{\376\377\000B\000a\000c\000k\000g\000r\000o\000u\000n\000d\000:\000\040\000N\000e\000u\000r\000a\000l\000\040\000M\000o\000d\000e\000l\000s\000\040\000f\000o\000r\000\040\000S\000e\000q\000u\000e\000n\000c\000e\000-\000t\000o\000-\000s\000e\000q\000u\000e\000n\000c\000e\000\040\000L\000e\000a\000r\000n\000i\000n\000g}{}% 3
\BOOKMARK [2][-]{subsection.3.1}{\376\377\000R\000N\000N\000\040\000E\000n\000c\000o\000d\000e\000r\000-\000D\000e\000c\000o\000d\000e\000r}{section.3}% 4
\BOOKMARK [2][-]{subsection.3.2}{\376\377\000T\000h\000e\000\040\000A\000t\000t\000e\000n\000t\000i\000o\000n\000\040\000M\000e\000c\000h\000a\000n\000i\000s\000m}{section.3}% 5
\BOOKMARK [1][-]{section.4}{\376\377\000C\000O\000P\000Y\000N\000E\000T}{}% 6
\BOOKMARK [2][-]{subsection.4.1}{\376\377\000M\000o\000d\000e\000l\000\040\000O\000v\000e\000r\000v\000i\000e\000w}{section.4}% 7
\BOOKMARK [2][-]{subsection.4.2}{\376\377\000P\000r\000e\000d\000i\000c\000t\000i\000o\000n\000\040\000w\000i\000t\000h\000\040\000C\000o\000p\000y\000i\000n\000g\000\040\000a\000n\000d\000\040\000G\000e\000n\000e\000r\000a\000t\000i\000o\000n}{section.4}% 8
\BOOKMARK [2][-]{subsection.4.3}{\376\377\000S\000t\000a\000t\000e\000\040\000U\000p\000d\000a\000t\000e}{section.4}% 9
\BOOKMARK [2][-]{subsection.4.4}{\376\377\000H\000y\000b\000r\000i\000d\000\040\000A\000d\000d\000r\000e\000s\000s\000i\000n\000g\000\040\000o\000f\000\040\000M}{section.4}% 10
\BOOKMARK [1][-]{section.5}{\376\377\000L\000e\000a\000r\000n\000i\000n\000g}{}% 11
\BOOKMARK [1][-]{section.6}{\376\377\000E\000x\000p\000e\000r\000i\000m\000e\000n\000t\000s}{}% 12
\BOOKMARK [2][-]{subsection.6.1}{\376\377\000S\000y\000n\000t\000h\000e\000t\000i\000c\000\040\000D\000a\000t\000a\000s\000e\000t}{section.6}% 13
\BOOKMARK [2][-]{subsection.6.2}{\376\377\000T\000e\000x\000t\000\040\000S\000u\000m\000m\000a\000r\000i\000z\000a\000t\000i\000o\000n}{section.6}% 14
\BOOKMARK [2][-]{subsection.6.3}{\376\377\000S\000i\000n\000g\000l\000e\000-\000t\000u\000r\000n\000\040\000D\000i\000a\000l\000o\000g\000u\000e}{section.6}% 15
\BOOKMARK [1][-]{section.7}{\376\377\000R\000e\000l\000a\000t\000e\000d\000\040\000W\000o\000r\000k}{}% 16
\BOOKMARK [1][-]{section.8}{\376\377\000C\000o\000n\000c\000l\000u\000s\000i\000o\000n\000\040\000a\000n\000d\000\040\000F\000u\000t\000u\000r\000e\000\040\000W\000o\000r\000k}{}% 17
\BOOKMARK [1][-]{section.9}{\376\377\000P\000e\000r\000s\000o\000n\000a\000l\000\040\000u\000n\000d\000e\000r\000s\000t\000a\000n\000d\000i\000n\000g}{}% 18
\BOOKMARK [2][-]{subsection.9.1}{\376\377\000P\000a\000p\000e\000r\000\040\000s\000t\000r\000u\000c\000t\000u\000r\000e}{section.9}% 19
\BOOKMARK [2][-]{subsection.9.2}{\376\377\000T\000h\000e\000\040\000p\000r\000o\000b\000l\000e\000m\000\040\000t\000o\000\040\000s\000o\000l\000v\000e}{section.9}% 20
\BOOKMARK [2][-]{subsection.9.3}{\376\377\000T\000h\000e\000\040\000i\000n\000n\000o\000v\000a\000t\000i\000o\000n\000\040\000w\000o\000r\000k}{section.9}% 21
\BOOKMARK [2][-]{subsection.9.4}{\376\377\000T\000h\000e\000\040\000c\000o\000d\000e\000\040\000a\000n\000a\000l\000y\000s\000i\000s}{section.9}% 22
